<?xml version="1.0" encoding="UTF-8"?>
<testsuite name="engine.search.SearchTest" tests="4" skipped="0" failures="0" errors="0" timestamp="2026-06-30T21:54:54.090Z" hostname="SVIATOSLAV" time="0.011">
  <properties/>
  <testcase name="checkmatedPositionHasNoMove()" classname="engine.search.SearchTest" time="0.003"/>
  <testcase name="findsMateInOne()" classname="engine.search.SearchTest" time="0.002"/>
  <testcase name="grabsHangingQueen()" classname="engine.search.SearchTest" time="0.003"/>
  <testcase name="startposReturnsLegalMove()" classname="engine.search.SearchTest" time="0.001"/>
  <system-out><![CDATA[]]></system-out>
  <system-err><![CDATA[]]></system-err>
</testsuite>
